<?xml version="1.0" encoding="UTF-8"?>
<!-- Generated by org.testng.reporters.JUnitReportReporter -->
<testsuite hostname="LAPTOP-O0TMUNKV" failures="0" tests="1" name="testCases.TC_002_LoginDDT" time="13.906" errors="0" timestamp="2023-02-22T13:33:51 IST" skipped="0">
  <testcase classname="testCases.TC_002_LoginDDT" name="test_loginDDT" time="13.906"/>
  <system-out/>
</testsuite> <!-- testCases.TC_002_LoginDDT -->
