<?xml version="1.0" encoding="UTF-8"?>
<!-- Generated by org.testng.reporters.JUnitReportReporter -->
<testsuite hostname="LAPTOP-O0TMUNKV" failures="0" tests="1" name="testCases.TC_001_Login" time="15.407" errors="0" timestamp="2023-02-23T00:01:46 IST" skipped="0">
  <testcase classname="testCases.TC_001_Login" name="test_login" time="15.407"/>
  <system-out/>
</testsuite> <!-- testCases.TC_001_Login -->
