<?xml version="1.0" encoding="UTF-8"?>
<!-- Generated by org.testng.reporters.JUnitReportReporter -->
<testsuite hostname="LAPTOP-O0TMUNKV" failures="0" tests="1" name="testCases.TC_002_LoginDDT" time="14.270" errors="0" timestamp="2023-02-23T00:01:46 IST" skipped="0">
  <testcase classname="testCases.TC_002_LoginDDT" name="test_loginDDT" time="14.270"/>
  <system-out/>
</testsuite> <!-- testCases.TC_002_LoginDDT -->
